
Initial statistics: 1 variables; iteration 0; function evaluation 0; phase 1
Function value -6.9597608e+00; maximum gradient component mag 1.2891e+01
Var    Value     Gradient |Var    Value     Gradient |Var    Value     Gradient
  1 -0.59129  1.28906e+01 |

 - final statistics:
1 variables; iteration 1; function evaluation 2
Function value -7.1346e+00; maximum gradient component mag 7.6176e+00
Exit code = 1;  converg criter 1.0000e+01
Var    Value     Gradient |Var    Value     Gradient |Var    Value     Gradient
  1 -0.60836  7.61758e+00 |

Initial statistics: 25 variables; iteration 0; function evaluation 0; phase 2
Function value -7.1345730e+00; maximum gradient component mag 3.0023e+01
Var    Value     Gradient |Var    Value     Gradient |Var    Value     Gradient
  1  0.00000 -3.79212e-01 |  2  0.00000 -5.89471e-01 |  3  0.00000 -9.16480e-01
  4  0.00000 -1.39543e+00 |  5  0.00000 -2.29733e+00 |  6  0.00000 -5.87019e-01
  7  0.00000 -4.67009e-02 |  8  0.00000 -4.82486e-02 |  9  0.00000  2.45903e+00
 10  0.00000 -1.60470e+00 | 11  0.00000  4.47179e+00 | 12  0.00000  6.06508e+00
 13  0.00000 -2.05953e+01 | 14  0.00000  1.81392e+01 | 15  0.00000 -1.50008e+01
 16  0.00000  3.00229e+01 | 17  0.00000 -1.70630e+01 | 18 -0.60836  7.61758e+00
 19 -0.47411  1.38391e+01 | 20 -0.72955 -7.43448e-01 | 21 -0.83517  1.31847e+00
 22 -0.66748 -1.65053e+00 | 23 -0.80949 -2.77474e+00 | 24 -0.93996 -3.95071e-01
 25 -0.76623 -8.16540e-03 |

 - final statistics:
25 variables; iteration 1; function evaluation 3
Function value -8.3780e+00; maximum gradient component mag 8.4254e+00
Exit code = 1;  converg criter 1.0000e+01
Var    Value     Gradient |Var    Value     Gradient |Var    Value     Gradient
  1  0.00034 -2.95874e-01 |  2  0.00052 -4.57420e-01 |  3  0.00081 -7.07940e-01
  4  0.00124 -1.07860e+00 |  5  0.00203 -1.78531e+00 |  6  0.00052 -3.23538e-01
  7  0.00004  1.85379e-01 |  8  0.00004  2.65649e-01 |  9 -0.00218  2.29388e+00
 10  0.00142 -6.32168e-01 | 11 -0.00396  3.57633e+00 | 12 -0.00537  4.05455e+00
 13  0.01823 -6.36609e+00 | 14 -0.01606  4.84515e+00 | 15  0.01328  2.27572e+00
 16 -0.02658 -3.60951e+00 | 17  0.01511 -1.67476e+00 | 18 -0.61510  4.35266e+00
 19 -0.48637  8.42541e+00 | 20 -0.72889  3.54625e+00 | 21 -0.83633  1.78616e+00
 22 -0.66602 -3.88531e+00 | 23 -0.80703 -1.59930e+00 | 24 -0.93961 -3.67304e-01
 25 -0.76622 -8.16512e-03 |

Initial statistics: 29 variables; iteration 0; function evaluation 0; phase 3
Function value -8.3780298e+00; maximum gradient component mag 8.4254e+00
Var    Value     Gradient |Var    Value     Gradient |Var    Value     Gradient
  1  0.00034 -2.95874e-01 |  2  0.00052 -4.57420e-01 |  3  0.00081 -7.07940e-01
  4  0.00124 -1.07860e+00 |  5  0.00203 -1.78531e+00 |  6  0.00052 -3.23538e-01
  7  0.00004  1.85379e-01 |  8  0.00004  2.65649e-01 |  9 -0.00218  2.29388e+00
 10  0.00142 -6.32168e-01 | 11 -0.00396  3.57633e+00 | 12 -0.00537  4.05455e+00
 13  0.01823 -6.36609e+00 | 14 -0.01606  4.84515e+00 | 15  0.01328  2.27572e+00
 16 -0.02658 -3.60951e+00 | 17  0.01511 -1.67476e+00 | 18 -0.61510  4.35266e+00
 19 -0.48637  8.42541e+00 | 20 -0.72889  3.54625e+00 | 21 -0.83633  1.78616e+00
 22 -0.84078  3.54934e-02 | 23 -0.92645  1.69713e-01 | 24 -0.66602 -3.88531e+00
 25 -0.80703 -1.59930e+00 | 26 -0.93961 -3.67304e-01 | 27 -0.85895 -7.98956e-01
 28 -0.84078  7.47867e-01 | 29 -0.76622 -8.16512e-03 |

Intermediate statistics: 29 variables; iteration 20; function evaluation 23; phase 3
Function value -9.0959860e+00; maximum gradient component mag 2.0412e+00
Var    Value     Gradient |Var    Value     Gradient |Var    Value     Gradient
  1  0.00029 -1.39170e-01 |  2  0.00095 -1.17619e-01 |  3  0.00259  2.45999e-02
  4  0.00394  6.88116e-03 |  5  0.00963  4.86299e-01 |  6  0.00451  1.25270e+00
  7 -0.00218  6.29182e-01 |  8 -0.00842 -6.92895e-01 |  9 -0.01188  7.24393e-01
 10 -0.00127 -7.66500e-01 | 11 -0.01129  6.03314e-01 | 12 -0.00644  1.33339e+00
 13  0.03065 -6.32282e-01 | 14 -0.00973  2.04118e+00 | 15  0.01968  1.40378e-01
 16 -0.00823 -1.32211e+00 | 17  0.00117 -6.46031e-01 | 18 -0.66956 -4.50899e-01
 19 -0.59465  8.12324e-01 | 20 -0.71074  2.20071e-01 | 21 -0.88447  6.21030e-01
 22 -0.83105  4.88441e-01 | 23 -0.94226  2.57012e-01 | 24 -0.67943 -2.87560e-01
 25 -0.77540  8.13193e-02 | 26 -0.96315 -3.03762e-02 | 27 -0.87286 -2.03724e-01
 28 -0.98645 -6.62295e-02 | 29 -0.75722 -7.83305e-03 |
29 variables; iteration 40; function evaluation 50; phase 3
Function value -9.1416660e+00; maximum gradient component mag -1.8406e-01
Var    Value     Gradient |Var    Value     Gradient |Var    Value     Gradient
  1  0.00112  4.79622e-03 |  2  0.00168  1.07838e-02 |  3  0.00246  1.11793e-02
  4  0.00381 -4.84211e-03 |  5  0.00668  1.38704e-03 |  6 -0.00194 -2.19316e-02
  7 -0.00525 -1.90706e-03 |  8 -0.00549  2.54580e-02 |  9 -0.01472  9.85460e-03
 10  0.00123  4.65201e-02 | 11 -0.01276  2.50124e-02 | 12 -0.00887  4.32623e-02
 13  0.03092  3.06588e-02 | 14 -0.01363 -6.23014e-02 | 15  0.01269  1.28896e-01
 16 -0.00094 -7.37296e-02 | 17  0.00013 -1.84060e-01 | 18 -0.67170 -8.80997e-02
 19 -0.61975  3.89847e-02 | 20 -0.66559 -1.67485e-03 | 21 -0.96280 -1.17717e-02
 22 -0.83617  4.51399e-03 | 23 -0.96903 -5.27610e-04 | 24 -0.68797  5.09653e-02
 25 -0.74845  5.17758e-02 | 26 -0.96919  4.10114e-03 | 27 -0.87115  2.92512e-02
 28 -0.98071  1.73401e-02 | 29 -0.42658 -2.48937e-03 |
Warning: the following parameters had issues
  selparm[5] is within 1% of lower bound: 0.00000e+00 < 9.12525e-03 < 9.00000e+00
  selparm[7] is within 0.1% of lower bound: 0.00000e+00 < 5.62601e-03 < 9.00000e+00
  selparm[26] is within 0.1% of lower bound: 0.00000e+00 < 5.45844e-03 < 9.00000e+00
  selparm[27] is within 1% of lower bound: 0.00000e+00 < 8.85294e-02 < 9.00000e+00
  selparm[28] is within 0.1% of lower bound: 0.00000e+00 < 1.79104e-03 < 9.00000e+00


 - final statistics:
29 variables; iteration 47; function evaluation 57
Function value -9.1423e+00; maximum gradient component mag -4.8738e-05
Exit code = 1;  converg criter 1.0000e-04
Var    Value     Gradient |Var    Value     Gradient |Var    Value     Gradient
  1  0.00110 -3.30464e-06 |  2  0.00163  8.48482e-06 |  3  0.00242 -3.77112e-06
  4  0.00387 -5.94739e-06 |  5  0.00672  4.42477e-07 |  6 -0.00179 -1.22268e-06
  7 -0.00521 -3.09741e-06 |  8 -0.00556  8.43126e-06 |  9 -0.01472  4.78331e-06
 10  0.00113  9.61105e-06 | 11 -0.01280  3.11080e-06 | 12 -0.00895 -4.66896e-07
 13  0.03087  2.18682e-05 | 14 -0.01379  5.59076e-06 | 15  0.01241  1.82793e-05
 16 -0.00015 -7.54114e-06 | 17  0.00006 -4.87380e-05 | 18 -0.67132 -1.37598e-05
 19 -0.62211  3.24640e-05 | 20 -0.66313  2.26488e-05 | 21 -0.95945  4.02150e-06
 22 -0.83701  6.93637e-06 | 23 -0.96816 -1.71988e-06 | 24 -0.69081 -1.24087e-06
 25 -0.74564  2.31062e-06 | 26 -0.96864 -5.30246e-06 | 27 -0.87351  8.36060e-07
 28 -0.98204 -4.80659e-06 | 29 -0.00001 -3.87466e-08 |
Estimating row 1 out of 29 for hessian
Estimating row 2 out of 29 for hessian
Estimating row 3 out of 29 for hessian
Estimating row 4 out of 29 for hessian
Estimating row 5 out of 29 for hessian
Estimating row 6 out of 29 for hessian
Estimating row 7 out of 29 for hessian
Estimating row 8 out of 29 for hessian
Estimating row 9 out of 29 for hessian
Estimating row 10 out of 29 for hessian
Estimating row 11 out of 29 for hessian
Estimating row 12 out of 29 for hessian
Estimating row 13 out of 29 for hessian
Estimating row 14 out of 29 for hessian
Estimating row 15 out of 29 for hessian
Estimating row 16 out of 29 for hessian
Estimating row 17 out of 29 for hessian
Estimating row 18 out of 29 for hessian
Estimating row 19 out of 29 for hessian
Estimating row 20 out of 29 for hessian
Estimating row 21 out of 29 for hessian
Estimating row 22 out of 29 for hessian
Estimating row 23 out of 29 for hessian
Estimating row 24 out of 29 for hessian
Estimating row 25 out of 29 for hessian
Estimating row 26 out of 29 for hessian
Estimating row 27 out of 29 for hessian
Estimating row 28 out of 29 for hessian
Estimating row 29 out of 29 for hessian
Estimated covariance matrix may not be positive definite.
 7.6439337533e-04 9.1734263705e-04 9.4897937156e-04 1.2510196819e-03 1.6976616452e-03 2.3483216666e-03 2.9011104104e-03 3.5354656345e-03 4.0690935638e-03 4.5078924772e-03 4.8644544639e-03 5.2327710731e-03 5.8402686340e-03 5.8703936212e-03 5.8780206307e-03 5.8980255364e-03 5.9315937963e-03 7.5395804944e-03 9.5625702031e-03 2.9698914398e-02 5.8807804956e-02 6.3060075329e-02 8.9915597279e-02 2.0814158672e-01 2.4653039166e-01 2.5182291453e-01 3.7125812946e-01 4.3303180124e-01 2.0262885837e+02
Estimated covariance matrix may not be positive definite.
 7.6439337533e-04 9.1734263705e-04 9.4897937156e-04 1.2510196819e-03 1.6976616452e-03 2.3483216666e-03 2.9011104104e-03 3.5354656345e-03 4.0690935638e-03 4.5078924772e-03 4.8644544639e-03 5.2327710731e-03 5.8402686340e-03 5.8703936212e-03 5.8780206307e-03 5.8980255364e-03 5.9315937963e-03 7.5395804944e-03 9.5625702031e-03 2.9698914398e-02 5.8807804956e-02 6.3060075329e-02 8.9915597279e-02 2.0814158672e-01 2.4653039166e-01 2.5182291453e-01 3.7125812946e-01 4.3303180124e-01 2.0262885837e+02
Estimated covariance matrix may not be positive definite.
 7.6439337533e-04 9.1734263705e-04 9.4897937156e-04 1.2510196819e-03 1.6976616452e-03 2.3483216666e-03 2.9011104104e-03 3.5354656345e-03 4.0690935638e-03 4.5078924772e-03 4.8644544639e-03 5.2327710731e-03 5.8402686340e-03 5.8703936212e-03 5.8780206307e-03 5.8980255364e-03 5.9315937963e-03 7.5395804944e-03 9.5625702031e-03 2.9698914398e-02 5.8807804956e-02 6.3060075329e-02 8.9915597279e-02 2.0814158672e-01 2.4653039166e-01 2.5182291453e-01 3.7125812946e-01 4.3303180124e-01 2.0262885837e+02
Estimated covariance matrix may not be positive definite.
 7.6439337533e-04 9.1734263705e-04 9.4897937156e-04 1.2510196819e-03 1.6976616452e-03 2.3483216666e-03 2.9011104104e-03 3.5354656345e-03 4.0690935638e-03 4.5078924772e-03 4.8644544639e-03 5.2327710731e-03 5.8402686340e-03 5.8703936212e-03 5.8780206307e-03 5.8980255364e-03 5.9315937963e-03 7.5395804944e-03 9.5625702031e-03 2.9698914398e-02 5.8807804956e-02 6.3060075329e-02 8.9915597279e-02 2.0814158672e-01 2.4653039166e-01 2.5182291453e-01 3.7125812946e-01 4.3303180124e-01 2.0262885837e+02
Estimated covariance matrix may not be positive definite.
 7.6439337533e-04 9.1734263705e-04 9.4897937156e-04 1.2510196819e-03 1.6976616452e-03 2.3483216666e-03 2.9011104104e-03 3.5354656345e-03 4.0690935638e-03 4.5078924772e-03 4.8644544639e-03 5.2327710731e-03 5.8402686340e-03 5.8703936212e-03 5.8780206307e-03 5.8980255364e-03 5.9315937963e-03 7.5395804944e-03 9.5625702031e-03 2.9698914398e-02 5.8807804956e-02 6.3060075329e-02 8.9915597279e-02 2.0814158672e-01 2.4653039166e-01 2.5182291453e-01 3.7125812946e-01 4.3303180124e-01 2.0262885837e+02
Estimated covariance matrix may not be positive definite.
 7.6439337533e-04 9.1734263705e-04 9.4897937156e-04 1.2510196819e-03 1.6976616452e-03 2.3483216666e-03 2.9011104104e-03 3.5354656345e-03 4.0690935638e-03 4.5078924772e-03 4.8644544639e-03 5.2327710731e-03 5.8402686340e-03 5.8703936212e-03 5.8780206307e-03 5.8980255364e-03 5.9315937963e-03 7.5395804944e-03 9.5625702031e-03 2.9698914398e-02 5.8807804956e-02 6.3060075329e-02 8.9915597279e-02 2.0814158672e-01 2.4653039166e-01 2.5182291453e-01 3.7125812946e-01 4.3303180124e-01 2.0262885837e+02
Estimated covariance matrix may not be positive definite.
 7.6439337533e-04 9.1734263705e-04 9.4897937156e-04 1.2510196819e-03 1.6976616452e-03 2.3483216666e-03 2.9011104104e-03 3.5354656345e-03 4.0690935638e-03 4.5078924772e-03 4.8644544639e-03 5.2327710731e-03 5.8402686340e-03 5.8703936212e-03 5.8780206307e-03 5.8980255364e-03 5.9315937963e-03 7.5395804944e-03 9.5625702031e-03 2.9698914398e-02 5.8807804956e-02 6.3060075329e-02 8.9915597279e-02 2.0814158672e-01 2.4653039166e-01 2.5182291453e-01 3.7125812946e-01 4.3303180124e-01 2.0262885837e+02
size of file gradfil1.tmp = 0
size of file gradfil2.tmp = 0
size of file varssave.tmp = 0
size of file cmpdiff.tmp = 0
